[0.006s] Invoking command in '/home/sch/git/panda_arm/build/moveit_resources_fanuc_description': CMAKE_PREFIX_PATH=${CMAKE_PREFIX_PATH}:/opt/ros/jazzy DEBUGINFOD_URLS=https://debuginfod.ubuntu.com /usr/bin/cmake /home/sch/git/panda_arm/moveit_resources/fanuc_description -DCMAKE_INSTALL_PREFIX=/home/sch/git/panda_arm/install/moveit_resources_fanuc_description
[0.042s] -- The C compiler identification is GNU 13.3.0
[0.081s] -- The CXX compiler identification is GNU 13.3.0
[0.091s] -- Detecting C compiler ABI info
[0.159s] -- Detecting C compiler ABI info - done
[0.169s] -- Check for working C compiler: /usr/bin/cc - skipped
[0.169s] -- Detecting C compile features
[0.170s] -- Detecting C compile features - done
[0.183s] -- Detecting CXX compiler ABI info
[0.257s] -- Detecting CXX compiler ABI info - done
[0.263s] -- Check for working CXX compiler: /usr/bin/c++ - skipped
[0.263s] -- Detecting CXX compile features
[0.264s] -- Detecting CXX compile features - done
[0.266s] -- Found ament_cmake: 2.5.4 (/opt/ros/jazzy/share/ament_cmake/cmake)
[0.365s] -- Found Python3: /usr/bin/python3 (found version "3.12.3") found components: Interpreter 
[0.492s] -- Configuring done (0.5s)
[0.493s] -- Generating done (0.0s)
[0.494s] -- Build files have been written to: /home/sch/git/panda_arm/build/moveit_resources_fanuc_description
[0.497s] Invoked command in '/home/sch/git/panda_arm/build/moveit_resources_fanuc_description' returned '0': CMAKE_PREFIX_PATH=${CMAKE_PREFIX_PATH}:/opt/ros/jazzy DEBUGINFOD_URLS=https://debuginfod.ubuntu.com /usr/bin/cmake /home/sch/git/panda_arm/moveit_resources/fanuc_description -DCMAKE_INSTALL_PREFIX=/home/sch/git/panda_arm/install/moveit_resources_fanuc_description
[0.498s] Invoking command in '/home/sch/git/panda_arm/build/moveit_resources_fanuc_description': CMAKE_PREFIX_PATH=${CMAKE_PREFIX_PATH}:/opt/ros/jazzy DEBUGINFOD_URLS=https://debuginfod.ubuntu.com /usr/bin/cmake --build /home/sch/git/panda_arm/build/moveit_resources_fanuc_description -- -j16 -l16
[0.526s] Invoked command in '/home/sch/git/panda_arm/build/moveit_resources_fanuc_description' returned '0': CMAKE_PREFIX_PATH=${CMAKE_PREFIX_PATH}:/opt/ros/jazzy DEBUGINFOD_URLS=https://debuginfod.ubuntu.com /usr/bin/cmake --build /home/sch/git/panda_arm/build/moveit_resources_fanuc_description -- -j16 -l16
[0.532s] Invoking command in '/home/sch/git/panda_arm/build/moveit_resources_fanuc_description': CMAKE_PREFIX_PATH=${CMAKE_PREFIX_PATH}:/opt/ros/jazzy DEBUGINFOD_URLS=https://debuginfod.ubuntu.com /usr/bin/cmake --install /home/sch/git/panda_arm/build/moveit_resources_fanuc_description
[0.537s] -- Install configuration: ""
[0.537s] -- Installing: /home/sch/git/panda_arm/install/moveit_resources_fanuc_description/share/ament_index/resource_index/package_run_dependencies/moveit_resources_fanuc_description
[0.537s] -- Installing: /home/sch/git/panda_arm/install/moveit_resources_fanuc_description/share/ament_index/resource_index/parent_prefix_path/moveit_resources_fanuc_description
[0.537s] -- Installing: /home/sch/git/panda_arm/install/moveit_resources_fanuc_description/share/moveit_resources_fanuc_description/environment/ament_prefix_path.sh
[0.537s] -- Installing: /home/sch/git/panda_arm/install/moveit_resources_fanuc_description/share/moveit_resources_fanuc_description/environment/ament_prefix_path.dsv
[0.538s] -- Installing: /home/sch/git/panda_arm/install/moveit_resources_fanuc_description/share/moveit_resources_fanuc_description/environment/path.sh
[0.538s] -- Installing: /home/sch/git/panda_arm/install/moveit_resources_fanuc_description/share/moveit_resources_fanuc_description/environment/path.dsv
[0.538s] -- Installing: /home/sch/git/panda_arm/install/moveit_resources_fanuc_description/share/moveit_resources_fanuc_description/local_setup.bash
[0.538s] -- Installing: /home/sch/git/panda_arm/install/moveit_resources_fanuc_description/share/moveit_resources_fanuc_description/local_setup.sh
[0.538s] -- Installing: /home/sch/git/panda_arm/install/moveit_resources_fanuc_description/share/moveit_resources_fanuc_description/local_setup.zsh
[0.538s] -- Installing: /home/sch/git/panda_arm/install/moveit_resources_fanuc_description/share/moveit_resources_fanuc_description/local_setup.dsv
[0.538s] -- Installing: /home/sch/git/panda_arm/install/moveit_resources_fanuc_description/share/moveit_resources_fanuc_description/package.dsv
[0.538s] -- Installing: /home/sch/git/panda_arm/install/moveit_resources_fanuc_description/share/ament_index/resource_index/packages/moveit_resources_fanuc_description
[0.538s] -- Installing: /home/sch/git/panda_arm/install/moveit_resources_fanuc_description/share/moveit_resources_fanuc_description/cmake/moveit_resources_fanuc_descriptionConfig.cmake
[0.538s] -- Installing: /home/sch/git/panda_arm/install/moveit_resources_fanuc_description/share/moveit_resources_fanuc_description/cmake/moveit_resources_fanuc_descriptionConfig-version.cmake
[0.538s] -- Installing: /home/sch/git/panda_arm/install/moveit_resources_fanuc_description/share/moveit_resources_fanuc_description/package.xml
[0.539s] -- Installing: /home/sch/git/panda_arm/install/moveit_resources_fanuc_description/share/moveit_resources_fanuc_description/meshes
[0.539s] -- Installing: /home/sch/git/panda_arm/install/moveit_resources_fanuc_description/share/moveit_resources_fanuc_description/meshes/visual
[0.539s] -- Installing: /home/sch/git/panda_arm/install/moveit_resources_fanuc_description/share/moveit_resources_fanuc_description/meshes/visual/link_5.stl
[0.539s] -- Installing: /home/sch/git/panda_arm/install/moveit_resources_fanuc_description/share/moveit_resources_fanuc_description/meshes/visual/link_3.stl
[0.539s] -- Installing: /home/sch/git/panda_arm/install/moveit_resources_fanuc_description/share/moveit_resources_fanuc_description/meshes/visual/link_1.stl
[0.539s] -- Installing: /home/sch/git/panda_arm/install/moveit_resources_fanuc_description/share/moveit_resources_fanuc_description/meshes/visual/link_6.stl
[0.539s] -- Installing: /home/sch/git/panda_arm/install/moveit_resources_fanuc_description/share/moveit_resources_fanuc_description/meshes/visual/link_4.stl
[0.539s] -- Installing: /home/sch/git/panda_arm/install/moveit_resources_fanuc_description/share/moveit_resources_fanuc_description/meshes/visual/base_link.stl
[0.539s] -- Installing: /home/sch/git/panda_arm/install/moveit_resources_fanuc_description/share/moveit_resources_fanuc_description/meshes/visual/link_2.stl
[0.539s] -- Installing: /home/sch/git/panda_arm/install/moveit_resources_fanuc_description/share/moveit_resources_fanuc_description/meshes/collision
[0.539s] -- Installing: /home/sch/git/panda_arm/install/moveit_resources_fanuc_description/share/moveit_resources_fanuc_description/meshes/collision/link_5.stl
[0.539s] -- Installing: /home/sch/git/panda_arm/install/moveit_resources_fanuc_description/share/moveit_resources_fanuc_description/meshes/collision/link_3.stl
[0.540s] -- Installing: /home/sch/git/panda_arm/install/moveit_resources_fanuc_description/share/moveit_resources_fanuc_description/meshes/collision/link_1.stl
[0.540s] -- Installing: /home/sch/git/panda_arm/install/moveit_resources_fanuc_description/share/moveit_resources_fanuc_description/meshes/collision/link_6.stl
[0.540s] -- Installing: /home/sch/git/panda_arm/install/moveit_resources_fanuc_description/share/moveit_resources_fanuc_description/meshes/collision/link_4.stl
[0.540s] -- Installing: /home/sch/git/panda_arm/install/moveit_resources_fanuc_description/share/moveit_resources_fanuc_description/meshes/collision/base_link.stl
[0.540s] -- Installing: /home/sch/git/panda_arm/install/moveit_resources_fanuc_description/share/moveit_resources_fanuc_description/meshes/collision/link_2.stl
[0.540s] -- Installing: /home/sch/git/panda_arm/install/moveit_resources_fanuc_description/share/moveit_resources_fanuc_description/urdf
[0.540s] -- Installing: /home/sch/git/panda_arm/install/moveit_resources_fanuc_description/share/moveit_resources_fanuc_description/urdf/fanuc.urdf
[0.543s] Invoked command in '/home/sch/git/panda_arm/build/moveit_resources_fanuc_description' returned '0': CMAKE_PREFIX_PATH=${CMAKE_PREFIX_PATH}:/opt/ros/jazzy DEBUGINFOD_URLS=https://debuginfod.ubuntu.com /usr/bin/cmake --install /home/sch/git/panda_arm/build/moveit_resources_fanuc_description
