[0.009s] Invoking command in '/home/sch/git/panda_arm/build/moveit_resources_panda_description': CMAKE_PREFIX_PATH=${CMAKE_PREFIX_PATH}:/opt/ros/jazzy DEBUGINFOD_URLS=https://debuginfod.ubuntu.com /usr/bin/cmake /home/sch/git/panda_arm/moveit_resources/panda_description -DCMAKE_INSTALL_PREFIX=/home/sch/git/panda_arm/install/moveit_resources_panda_description
[0.045s] -- The C compiler identification is GNU 13.3.0
[0.080s] -- The CXX compiler identification is GNU 13.3.0
[0.093s] -- Detecting C compiler ABI info
[0.162s] -- Detecting C compiler ABI info - done
[0.172s] -- Check for working C compiler: /usr/bin/cc - skipped
[0.173s] -- Detecting C compile features
[0.173s] -- Detecting C compile features - done
[0.186s] -- Detecting CXX compiler ABI info
[0.260s] -- Detecting CXX compiler ABI info - done
[0.266s] -- Check for working CXX compiler: /usr/bin/c++ - skipped
[0.266s] -- Detecting CXX compile features
[0.267s] -- Detecting CXX compile features - done
[0.269s] -- Found ament_cmake: 2.5.4 (/opt/ros/jazzy/share/ament_cmake/cmake)
[0.371s] -- Found Python3: /usr/bin/python3 (found version "3.12.3") found components: Interpreter 
[0.511s] -- Configuring done (0.5s)
[0.512s] -- Generating done (0.0s)
[0.514s] -- Build files have been written to: /home/sch/git/panda_arm/build/moveit_resources_panda_description
[0.516s] Invoked command in '/home/sch/git/panda_arm/build/moveit_resources_panda_description' returned '0': CMAKE_PREFIX_PATH=${CMAKE_PREFIX_PATH}:/opt/ros/jazzy DEBUGINFOD_URLS=https://debuginfod.ubuntu.com /usr/bin/cmake /home/sch/git/panda_arm/moveit_resources/panda_description -DCMAKE_INSTALL_PREFIX=/home/sch/git/panda_arm/install/moveit_resources_panda_description
[0.517s] Invoking command in '/home/sch/git/panda_arm/build/moveit_resources_panda_description': CMAKE_PREFIX_PATH=${CMAKE_PREFIX_PATH}:/opt/ros/jazzy DEBUGINFOD_URLS=https://debuginfod.ubuntu.com /usr/bin/cmake --build /home/sch/git/panda_arm/build/moveit_resources_panda_description -- -j16 -l16
[0.538s] Invoked command in '/home/sch/git/panda_arm/build/moveit_resources_panda_description' returned '0': CMAKE_PREFIX_PATH=${CMAKE_PREFIX_PATH}:/opt/ros/jazzy DEBUGINFOD_URLS=https://debuginfod.ubuntu.com /usr/bin/cmake --build /home/sch/git/panda_arm/build/moveit_resources_panda_description -- -j16 -l16
[0.539s] Invoking command in '/home/sch/git/panda_arm/build/moveit_resources_panda_description': CMAKE_PREFIX_PATH=${CMAKE_PREFIX_PATH}:/opt/ros/jazzy DEBUGINFOD_URLS=https://debuginfod.ubuntu.com /usr/bin/cmake --install /home/sch/git/panda_arm/build/moveit_resources_panda_description
[0.544s] -- Install configuration: ""
[0.544s] -- Installing: /home/sch/git/panda_arm/install/moveit_resources_panda_description/share/ament_index/resource_index/package_run_dependencies/moveit_resources_panda_description
[0.544s] -- Installing: /home/sch/git/panda_arm/install/moveit_resources_panda_description/share/ament_index/resource_index/parent_prefix_path/moveit_resources_panda_description
[0.545s] -- Installing: /home/sch/git/panda_arm/install/moveit_resources_panda_description/share/moveit_resources_panda_description/environment/ament_prefix_path.sh
[0.545s] -- Installing: /home/sch/git/panda_arm/install/moveit_resources_panda_description/share/moveit_resources_panda_description/environment/ament_prefix_path.dsv
[0.545s] -- Installing: /home/sch/git/panda_arm/install/moveit_resources_panda_description/share/moveit_resources_panda_description/environment/path.sh
[0.545s] -- Installing: /home/sch/git/panda_arm/install/moveit_resources_panda_description/share/moveit_resources_panda_description/environment/path.dsv
[0.545s] -- Installing: /home/sch/git/panda_arm/install/moveit_resources_panda_description/share/moveit_resources_panda_description/local_setup.bash
[0.545s] -- Installing: /home/sch/git/panda_arm/install/moveit_resources_panda_description/share/moveit_resources_panda_description/local_setup.sh
[0.545s] -- Installing: /home/sch/git/panda_arm/install/moveit_resources_panda_description/share/moveit_resources_panda_description/local_setup.zsh
[0.545s] -- Installing: /home/sch/git/panda_arm/install/moveit_resources_panda_description/share/moveit_resources_panda_description/local_setup.dsv
[0.545s] -- Installing: /home/sch/git/panda_arm/install/moveit_resources_panda_description/share/moveit_resources_panda_description/package.dsv
[0.545s] -- Installing: /home/sch/git/panda_arm/install/moveit_resources_panda_description/share/ament_index/resource_index/packages/moveit_resources_panda_description
[0.545s] -- Installing: /home/sch/git/panda_arm/install/moveit_resources_panda_description/share/moveit_resources_panda_description/cmake/moveit_resources_panda_descriptionConfig.cmake
[0.545s] -- Installing: /home/sch/git/panda_arm/install/moveit_resources_panda_description/share/moveit_resources_panda_description/cmake/moveit_resources_panda_descriptionConfig-version.cmake
[0.545s] -- Installing: /home/sch/git/panda_arm/install/moveit_resources_panda_description/share/moveit_resources_panda_description/package.xml
[0.545s] -- Installing: /home/sch/git/panda_arm/install/moveit_resources_panda_description/share/moveit_resources_panda_description/meshes
[0.546s] -- Installing: /home/sch/git/panda_arm/install/moveit_resources_panda_description/share/moveit_resources_panda_description/meshes/visual
[0.546s] -- Installing: /home/sch/git/panda_arm/install/moveit_resources_panda_description/share/moveit_resources_panda_description/meshes/visual/link0.dae
[0.546s] -- Installing: /home/sch/git/panda_arm/install/moveit_resources_panda_description/share/moveit_resources_panda_description/meshes/visual/hand.dae
[0.546s] -- Installing: /home/sch/git/panda_arm/install/moveit_resources_panda_description/share/moveit_resources_panda_description/meshes/visual/link1.dae
[0.546s] -- Installing: /home/sch/git/panda_arm/install/moveit_resources_panda_description/share/moveit_resources_panda_description/meshes/visual/link6.dae
[0.547s] -- Installing: /home/sch/git/panda_arm/install/moveit_resources_panda_description/share/moveit_resources_panda_description/meshes/visual/link4.dae
[0.548s] -- Installing: /home/sch/git/panda_arm/install/moveit_resources_panda_description/share/moveit_resources_panda_description/meshes/visual/link7.dae
[0.548s] -- Installing: /home/sch/git/panda_arm/install/moveit_resources_panda_description/share/moveit_resources_panda_description/meshes/visual/link3.dae
[0.549s] -- Installing: /home/sch/git/panda_arm/install/moveit_resources_panda_description/share/moveit_resources_panda_description/meshes/visual/link2.dae
[0.549s] -- Installing: /home/sch/git/panda_arm/install/moveit_resources_panda_description/share/moveit_resources_panda_description/meshes/visual/finger.dae
[0.549s] -- Installing: /home/sch/git/panda_arm/install/moveit_resources_panda_description/share/moveit_resources_panda_description/meshes/visual/link5.dae
[0.550s] -- Installing: /home/sch/git/panda_arm/install/moveit_resources_panda_description/share/moveit_resources_panda_description/meshes/collision
[0.550s] -- Installing: /home/sch/git/panda_arm/install/moveit_resources_panda_description/share/moveit_resources_panda_description/meshes/collision/link5.stl
[0.550s] -- Installing: /home/sch/git/panda_arm/install/moveit_resources_panda_description/share/moveit_resources_panda_description/meshes/collision/link2.stl
[0.550s] -- Installing: /home/sch/git/panda_arm/install/moveit_resources_panda_description/share/moveit_resources_panda_description/meshes/collision/finger.stl
[0.550s] -- Installing: /home/sch/git/panda_arm/install/moveit_resources_panda_description/share/moveit_resources_panda_description/meshes/collision/link4.stl
[0.550s] -- Installing: /home/sch/git/panda_arm/install/moveit_resources_panda_description/share/moveit_resources_panda_description/meshes/collision/link7.stl
[0.550s] -- Installing: /home/sch/git/panda_arm/install/moveit_resources_panda_description/share/moveit_resources_panda_description/meshes/collision/hand.stl
[0.550s] -- Installing: /home/sch/git/panda_arm/install/moveit_resources_panda_description/share/moveit_resources_panda_description/meshes/collision/link3.stl
[0.550s] -- Installing: /home/sch/git/panda_arm/install/moveit_resources_panda_description/share/moveit_resources_panda_description/meshes/collision/link1.stl
[0.550s] -- Installing: /home/sch/git/panda_arm/install/moveit_resources_panda_description/share/moveit_resources_panda_description/meshes/collision/link6.stl
[0.550s] -- Installing: /home/sch/git/panda_arm/install/moveit_resources_panda_description/share/moveit_resources_panda_description/meshes/collision/link0.stl
[0.550s] -- Installing: /home/sch/git/panda_arm/install/moveit_resources_panda_description/share/moveit_resources_panda_description/urdf
[0.550s] -- Installing: /home/sch/git/panda_arm/install/moveit_resources_panda_description/share/moveit_resources_panda_description/urdf/panda.urdf
[0.551s] -- Installing: /home/sch/git/panda_arm/install/moveit_resources_panda_description/share/moveit_resources_panda_description/urdf/panda.urdf.xacro
[0.568s] Invoked command in '/home/sch/git/panda_arm/build/moveit_resources_panda_description' returned '0': CMAKE_PREFIX_PATH=${CMAKE_PREFIX_PATH}:/opt/ros/jazzy DEBUGINFOD_URLS=https://debuginfod.ubuntu.com /usr/bin/cmake --install /home/sch/git/panda_arm/build/moveit_resources_panda_description
