[0.061s] DEBUG:colcon:Command line arguments: ['/usr/bin/colcon', 'build', '--packages-select', 'panda_moveit2_sim']
[0.061s] DEBUG:colcon:Parsed command line arguments: Namespace(log_base=None, log_level=None, verb_name='build', build_base='build', install_base='install', merge_install=False, symlink_install=False, test_result_base=None, continue_on_error=False, executor='parallel', parallel_workers=16, event_handlers=None, ignore_user_meta=False, metas=['./colcon.meta'], base_paths=['.'], packages_ignore=None, packages_ignore_regex=None, paths=None, packages_up_to=None, packages_up_to_regex=None, packages_above=None, packages_above_and_dependencies=None, packages_above_depth=None, packages_select_by_dep=None, packages_skip_by_dep=None, packages_skip_up_to=None, packages_select_build_failed=False, packages_skip_build_finished=False, packages_select_test_failures=False, packages_skip_test_passed=False, packages_select=['panda_moveit2_sim'], packages_skip=None, packages_select_regex=None, packages_skip_regex=None, packages_start=None, packages_end=None, allow_overriding=[], cmake_args=None, cmake_target=None, cmake_target_skip_unavailable=False, cmake_clean_cache=False, cmake_clean_first=False, cmake_force_configure=False, ament_cmake_args=None, catkin_cmake_args=None, catkin_skip_building_tests=False, mixin_files=None, mixin=None, verb_parser=<colcon_mixin.mixin.mixin_argument.MixinArgumentDecorator object at 0x76176c7e4410>, verb_extension=<colcon_core.verb.build.BuildVerb object at 0x76176c7c3ce0>, main=<bound method BuildVerb.main of <colcon_core.verb.build.BuildVerb object at 0x76176c7c3ce0>>, mixin_verb=('build',))
[0.081s] Level 1:colcon.colcon_core.package_discovery:discover_packages(colcon_meta) check parameters
[0.081s] Level 1:colcon.colcon_core.package_discovery:discover_packages(recursive) check parameters
[0.081s] Level 1:colcon.colcon_core.package_discovery:discover_packages(ignore) check parameters
[0.081s] Level 1:colcon.colcon_core.package_discovery:discover_packages(path) check parameters
[0.081s] Level 1:colcon.colcon_core.package_discovery:discover_packages(colcon_meta) discover
[0.081s] Level 1:colcon.colcon_core.package_discovery:discover_packages(recursive) discover
[0.081s] INFO:colcon.colcon_core.package_discovery:Crawling recursively for packages in '/home/sch/git/panda_arm'
[0.081s] Level 1:colcon.colcon_core.package_identification:_identify(.) by extensions ['ignore', 'ignore_ament_install']
[0.081s] Level 1:colcon.colcon_core.package_identification:_identify(.) by extension 'ignore'
[0.081s] Level 1:colcon.colcon_core.package_identification:_identify(.) by extension 'ignore_ament_install'
[0.081s] Level 1:colcon.colcon_core.package_identification:_identify(.) by extensions ['colcon_pkg']
[0.081s] Level 1:colcon.colcon_core.package_identification:_identify(.) by extension 'colcon_pkg'
[0.082s] Level 1:colcon.colcon_core.package_identification:_identify(.) by extensions ['colcon_meta']
[0.082s] Level 1:colcon.colcon_core.package_identification:_identify(.) by extension 'colcon_meta'
[0.082s] Level 1:colcon.colcon_core.package_identification:_identify(.) by extensions ['ros']
[0.082s] Level 1:colcon.colcon_core.package_identification:_identify(.) by extension 'ros'
[0.096s] Level 1:colcon.colcon_core.package_identification:_identify(.) by extensions ['cmake', 'python']
[0.096s] Level 1:colcon.colcon_core.package_identification:_identify(.) by extension 'cmake'
[0.096s] Level 1:colcon.colcon_core.package_identification:_identify(.) by extension 'python'
[0.096s] Level 1:colcon.colcon_core.package_identification:_identify(.) by extensions ['python_setup_py']
[0.096s] Level 1:colcon.colcon_core.package_identification:_identify(.) by extension 'python_setup_py'
[0.096s] Level 1:colcon.colcon_core.package_identification:_identify(build) by extensions ['ignore', 'ignore_ament_install']
[0.096s] Level 1:colcon.colcon_core.package_identification:_identify(build) by extension 'ignore'
[0.096s] Level 1:colcon.colcon_core.package_identification:_identify(build) ignored
[0.096s] Level 1:colcon.colcon_core.package_identification:_identify(install) by extensions ['ignore', 'ignore_ament_install']
[0.096s] Level 1:colcon.colcon_core.package_identification:_identify(install) by extension 'ignore'
[0.096s] Level 1:colcon.colcon_core.package_identification:_identify(install) ignored
[0.096s] Level 1:colcon.colcon_core.package_identification:_identify(log) by extensions ['ignore', 'ignore_ament_install']
[0.096s] Level 1:colcon.colcon_core.package_identification:_identify(log) by extension 'ignore'
[0.096s] Level 1:colcon.colcon_core.package_identification:_identify(log) ignored
[0.096s] Level 1:colcon.colcon_core.package_identification:_identify(moveit_resources) by extensions ['ignore', 'ignore_ament_install']
[0.096s] Level 1:colcon.colcon_core.package_identification:_identify(moveit_resources) by extension 'ignore'
[0.096s] Level 1:colcon.colcon_core.package_identification:_identify(moveit_resources) by extension 'ignore_ament_install'
[0.096s] Level 1:colcon.colcon_core.package_identification:_identify(moveit_resources) by extensions ['colcon_pkg']
[0.096s] Level 1:colcon.colcon_core.package_identification:_identify(moveit_resources) by extension 'colcon_pkg'
[0.096s] Level 1:colcon.colcon_core.package_identification:_identify(moveit_resources) by extensions ['colcon_meta']
[0.096s] Level 1:colcon.colcon_core.package_identification:_identify(moveit_resources) by extension 'colcon_meta'
[0.096s] Level 1:colcon.colcon_core.package_identification:_identify(moveit_resources) by extensions ['ros']
[0.096s] Level 1:colcon.colcon_core.package_identification:_identify(moveit_resources) by extension 'ros'
[0.096s] Level 1:colcon.colcon_core.package_identification:_identify(moveit_resources) by extensions ['cmake', 'python']
[0.096s] Level 1:colcon.colcon_core.package_identification:_identify(moveit_resources) by extension 'cmake'
[0.096s] Level 1:colcon.colcon_core.package_identification:_identify(moveit_resources) by extension 'python'
[0.096s] Level 1:colcon.colcon_core.package_identification:_identify(moveit_resources) by extensions ['python_setup_py']
[0.096s] Level 1:colcon.colcon_core.package_identification:_identify(moveit_resources) by extension 'python_setup_py'
[0.097s] Level 1:colcon.colcon_core.package_identification:_identify(moveit_resources/dual_arm_panda_moveit_config) by extensions ['ignore', 'ignore_ament_install']
[0.097s] Level 1:colcon.colcon_core.package_identification:_identify(moveit_resources/dual_arm_panda_moveit_config) by extension 'ignore'
[0.097s] Level 1:colcon.colcon_core.package_identification:_identify(moveit_resources/dual_arm_panda_moveit_config) by extension 'ignore_ament_install'
[0.097s] Level 1:colcon.colcon_core.package_identification:_identify(moveit_resources/dual_arm_panda_moveit_config) by extensions ['colcon_pkg']
[0.097s] Level 1:colcon.colcon_core.package_identification:_identify(moveit_resources/dual_arm_panda_moveit_config) by extension 'colcon_pkg'
[0.097s] Level 1:colcon.colcon_core.package_identification:_identify(moveit_resources/dual_arm_panda_moveit_config) by extensions ['colcon_meta']
[0.097s] Level 1:colcon.colcon_core.package_identification:_identify(moveit_resources/dual_arm_panda_moveit_config) by extension 'colcon_meta'
[0.097s] Level 1:colcon.colcon_core.package_identification:_identify(moveit_resources/dual_arm_panda_moveit_config) by extensions ['ros']
[0.097s] Level 1:colcon.colcon_core.package_identification:_identify(moveit_resources/dual_arm_panda_moveit_config) by extension 'ros'
[0.098s] DEBUG:colcon.colcon_core.package_identification:Package 'moveit_resources/dual_arm_panda_moveit_config' with type 'ros.ament_cmake' and name 'dual_arm_panda_moveit_config'
[0.098s] Level 1:colcon.colcon_core.package_identification:_identify(moveit_resources/fanuc_description) by extensions ['ignore', 'ignore_ament_install']
[0.098s] Level 1:colcon.colcon_core.package_identification:_identify(moveit_resources/fanuc_description) by extension 'ignore'
[0.098s] Level 1:colcon.colcon_core.package_identification:_identify(moveit_resources/fanuc_description) by extension 'ignore_ament_install'
[0.098s] Level 1:colcon.colcon_core.package_identification:_identify(moveit_resources/fanuc_description) by extensions ['colcon_pkg']
[0.098s] Level 1:colcon.colcon_core.package_identification:_identify(moveit_resources/fanuc_description) by extension 'colcon_pkg'
[0.098s] Level 1:colcon.colcon_core.package_identification:_identify(moveit_resources/fanuc_description) by extensions ['colcon_meta']
[0.098s] Level 1:colcon.colcon_core.package_identification:_identify(moveit_resources/fanuc_description) by extension 'colcon_meta'
[0.098s] Level 1:colcon.colcon_core.package_identification:_identify(moveit_resources/fanuc_description) by extensions ['ros']
[0.098s] Level 1:colcon.colcon_core.package_identification:_identify(moveit_resources/fanuc_description) by extension 'ros'
[0.099s] DEBUG:colcon.colcon_core.package_identification:Package 'moveit_resources/fanuc_description' with type 'ros.ament_cmake' and name 'moveit_resources_fanuc_description'
[0.099s] Level 1:colcon.colcon_core.package_identification:_identify(moveit_resources/fanuc_moveit_config) by extensions ['ignore', 'ignore_ament_install']
[0.099s] Level 1:colcon.colcon_core.package_identification:_identify(moveit_resources/fanuc_moveit_config) by extension 'ignore'
[0.099s] Level 1:colcon.colcon_core.package_identification:_identify(moveit_resources/fanuc_moveit_config) by extension 'ignore_ament_install'
[0.099s] Level 1:colcon.colcon_core.package_identification:_identify(moveit_resources/fanuc_moveit_config) by extensions ['colcon_pkg']
[0.099s] Level 1:colcon.colcon_core.package_identification:_identify(moveit_resources/fanuc_moveit_config) by extension 'colcon_pkg'
[0.099s] Level 1:colcon.colcon_core.package_identification:_identify(moveit_resources/fanuc_moveit_config) by extensions ['colcon_meta']
[0.099s] Level 1:colcon.colcon_core.package_identification:_identify(moveit_resources/fanuc_moveit_config) by extension 'colcon_meta'
[0.099s] Level 1:colcon.colcon_core.package_identification:_identify(moveit_resources/fanuc_moveit_config) by extensions ['ros']
[0.099s] Level 1:colcon.colcon_core.package_identification:_identify(moveit_resources/fanuc_moveit_config) by extension 'ros'
[0.099s] DEBUG:colcon.colcon_core.package_identification:Package 'moveit_resources/fanuc_moveit_config' with type 'ros.ament_cmake' and name 'moveit_resources_fanuc_moveit_config'
[0.099s] Level 1:colcon.colcon_core.package_identification:_identify(moveit_resources/moveit_resources) by extensions ['ignore', 'ignore_ament_install']
[0.099s] Level 1:colcon.colcon_core.package_identification:_identify(moveit_resources/moveit_resources) by extension 'ignore'
[0.099s] Level 1:colcon.colcon_core.package_identification:_identify(moveit_resources/moveit_resources) by extension 'ignore_ament_install'
[0.099s] Level 1:colcon.colcon_core.package_identification:_identify(moveit_resources/moveit_resources) by extensions ['colcon_pkg']
[0.099s] Level 1:colcon.colcon_core.package_identification:_identify(moveit_resources/moveit_resources) by extension 'colcon_pkg'
[0.099s] Level 1:colcon.colcon_core.package_identification:_identify(moveit_resources/moveit_resources) by extensions ['colcon_meta']
[0.099s] Level 1:colcon.colcon_core.package_identification:_identify(moveit_resources/moveit_resources) by extension 'colcon_meta'
[0.099s] Level 1:colcon.colcon_core.package_identification:_identify(moveit_resources/moveit_resources) by extensions ['ros']
[0.099s] Level 1:colcon.colcon_core.package_identification:_identify(moveit_resources/moveit_resources) by extension 'ros'
[0.100s] DEBUG:colcon.colcon_core.package_identification:Package 'moveit_resources/moveit_resources' with type 'ros.ament_cmake' and name 'moveit_resources'
[0.100s] Level 1:colcon.colcon_core.package_identification:_identify(moveit_resources/panda_description) by extensions ['ignore', 'ignore_ament_install']
[0.100s] Level 1:colcon.colcon_core.package_identification:_identify(moveit_resources/panda_description) by extension 'ignore'
[0.100s] Level 1:colcon.colcon_core.package_identification:_identify(moveit_resources/panda_description) by extension 'ignore_ament_install'
[0.100s] Level 1:colcon.colcon_core.package_identification:_identify(moveit_resources/panda_description) by extensions ['colcon_pkg']
[0.100s] Level 1:colcon.colcon_core.package_identification:_identify(moveit_resources/panda_description) by extension 'colcon_pkg'
[0.100s] Level 1:colcon.colcon_core.package_identification:_identify(moveit_resources/panda_description) by extensions ['colcon_meta']
[0.100s] Level 1:colcon.colcon_core.package_identification:_identify(moveit_resources/panda_description) by extension 'colcon_meta'
[0.100s] Level 1:colcon.colcon_core.package_identification:_identify(moveit_resources/panda_description) by extensions ['ros']
[0.100s] Level 1:colcon.colcon_core.package_identification:_identify(moveit_resources/panda_description) by extension 'ros'
[0.100s] DEBUG:colcon.colcon_core.package_identification:Package 'moveit_resources/panda_description' with type 'ros.ament_cmake' and name 'moveit_resources_panda_description'
[0.100s] Level 1:colcon.colcon_core.package_identification:_identify(moveit_resources/panda_moveit_config) by extensions ['ignore', 'ignore_ament_install']
[0.100s] Level 1:colcon.colcon_core.package_identification:_identify(moveit_resources/panda_moveit_config) by extension 'ignore'
[0.100s] Level 1:colcon.colcon_core.package_identification:_identify(moveit_resources/panda_moveit_config) by extension 'ignore_ament_install'
[0.100s] Level 1:colcon.colcon_core.package_identification:_identify(moveit_resources/panda_moveit_config) by extensions ['colcon_pkg']
[0.100s] Level 1:colcon.colcon_core.package_identification:_identify(moveit_resources/panda_moveit_config) by extension 'colcon_pkg'
[0.100s] Level 1:colcon.colcon_core.package_identification:_identify(moveit_resources/panda_moveit_config) by extensions ['colcon_meta']
[0.100s] Level 1:colcon.colcon_core.package_identification:_identify(moveit_resources/panda_moveit_config) by extension 'colcon_meta'
[0.100s] Level 1:colcon.colcon_core.package_identification:_identify(moveit_resources/panda_moveit_config) by extensions ['ros']
[0.100s] Level 1:colcon.colcon_core.package_identification:_identify(moveit_resources/panda_moveit_config) by extension 'ros'
[0.100s] DEBUG:colcon.colcon_core.package_identification:Package 'moveit_resources/panda_moveit_config' with type 'ros.ament_cmake' and name 'moveit_resources_panda_moveit_config'
[0.101s] Level 1:colcon.colcon_core.package_identification:_identify(moveit_resources/pr2_description) by extensions ['ignore', 'ignore_ament_install']
[0.101s] Level 1:colcon.colcon_core.package_identification:_identify(moveit_resources/pr2_description) by extension 'ignore'
[0.101s] Level 1:colcon.colcon_core.package_identification:_identify(moveit_resources/pr2_description) by extension 'ignore_ament_install'
[0.101s] Level 1:colcon.colcon_core.package_identification:_identify(moveit_resources/pr2_description) by extensions ['colcon_pkg']
[0.101s] Level 1:colcon.colcon_core.package_identification:_identify(moveit_resources/pr2_description) by extension 'colcon_pkg'
[0.101s] Level 1:colcon.colcon_core.package_identification:_identify(moveit_resources/pr2_description) by extensions ['colcon_meta']
[0.101s] Level 1:colcon.colcon_core.package_identification:_identify(moveit_resources/pr2_description) by extension 'colcon_meta'
[0.101s] Level 1:colcon.colcon_core.package_identification:_identify(moveit_resources/pr2_description) by extensions ['ros']
[0.101s] Level 1:colcon.colcon_core.package_identification:_identify(moveit_resources/pr2_description) by extension 'ros'
[0.101s] DEBUG:colcon.colcon_core.package_identification:Package 'moveit_resources/pr2_description' with type 'ros.ament_cmake' and name 'moveit_resources_pr2_description'
[0.101s] Level 1:colcon.colcon_core.package_identification:_identify(panda_moveit2_sim) by extensions ['ignore', 'ignore_ament_install']
[0.101s] Level 1:colcon.colcon_core.package_identification:_identify(panda_moveit2_sim) by extension 'ignore'
[0.101s] Level 1:colcon.colcon_core.package_identification:_identify(panda_moveit2_sim) by extension 'ignore_ament_install'
[0.101s] Level 1:colcon.colcon_core.package_identification:_identify(panda_moveit2_sim) by extensions ['colcon_pkg']
[0.101s] Level 1:colcon.colcon_core.package_identification:_identify(panda_moveit2_sim) by extension 'colcon_pkg'
[0.101s] Level 1:colcon.colcon_core.package_identification:_identify(panda_moveit2_sim) by extensions ['colcon_meta']
[0.101s] Level 1:colcon.colcon_core.package_identification:_identify(panda_moveit2_sim) by extension 'colcon_meta'
[0.101s] Level 1:colcon.colcon_core.package_identification:_identify(panda_moveit2_sim) by extensions ['ros']
[0.101s] Level 1:colcon.colcon_core.package_identification:_identify(panda_moveit2_sim) by extension 'ros'
[0.101s] Level 1:colcon.colcon_core.package_identification:_identify(panda_moveit2_sim) by extensions ['cmake', 'python']
[0.101s] Level 1:colcon.colcon_core.package_identification:_identify(panda_moveit2_sim) by extension 'cmake'
[0.101s] Level 1:colcon.colcon_core.package_identification:_identify(panda_moveit2_sim) by extension 'python'
[0.101s] Level 1:colcon.colcon_core.package_identification:_identify(panda_moveit2_sim) by extensions ['python_setup_py']
[0.101s] Level 1:colcon.colcon_core.package_identification:_identify(panda_moveit2_sim) by extension 'python_setup_py'
[0.101s] Level 1:colcon.colcon_core.package_discovery:discover_packages(recursive) using defaults
[0.101s] Level 1:colcon.colcon_core.package_discovery:discover_packages(ignore) discover
[0.101s] Level 1:colcon.colcon_core.package_discovery:discover_packages(ignore) using defaults
[0.101s] Level 1:colcon.colcon_core.package_discovery:discover_packages(path) discover
[0.101s] Level 1:colcon.colcon_core.package_discovery:discover_packages(path) using defaults
[0.101s] WARNING:colcon.colcon_core.package_selection:ignoring unknown package 'panda_moveit2_sim' in --packages-select
[0.112s] INFO:colcon.colcon_core.package_selection:Skipping not selected package 'moveit_resources_fanuc_description' in 'moveit_resources/fanuc_description'
[0.112s] INFO:colcon.colcon_core.package_selection:Skipping not selected package 'moveit_resources_panda_description' in 'moveit_resources/panda_description'
[0.112s] INFO:colcon.colcon_core.package_selection:Skipping not selected package 'moveit_resources_pr2_description' in 'moveit_resources/pr2_description'
[0.112s] INFO:colcon.colcon_core.package_selection:Skipping not selected package 'dual_arm_panda_moveit_config' in 'moveit_resources/dual_arm_panda_moveit_config'
[0.112s] INFO:colcon.colcon_core.package_selection:Skipping not selected package 'moveit_resources_fanuc_moveit_config' in 'moveit_resources/fanuc_moveit_config'
[0.112s] INFO:colcon.colcon_core.package_selection:Skipping not selected package 'moveit_resources_panda_moveit_config' in 'moveit_resources/panda_moveit_config'
[0.112s] INFO:colcon.colcon_core.package_selection:Skipping not selected package 'moveit_resources' in 'moveit_resources/moveit_resources'
[0.112s] Level 1:colcon.colcon_core.package_discovery:discover_packages(prefix_path) check parameters
[0.112s] Level 1:colcon.colcon_core.package_discovery:discover_packages(prefix_path) discover
[0.113s] WARNING:colcon.colcon_core.prefix_path.colcon:The path '/home/sch/ros2_ws/install' in the environment variable COLCON_PREFIX_PATH doesn't exist
[0.113s] WARNING:colcon.colcon_ros.prefix_path.ament:The path '/home/sch/ros2_ws/install/pilz_industrial_motion_planner_testutils' in the environment variable AMENT_PREFIX_PATH doesn't exist
[0.113s] WARNING:colcon.colcon_ros.prefix_path.ament:The path '/home/sch/ros2_ws/install/moveit_runtime' in the environment variable AMENT_PREFIX_PATH doesn't exist
[0.113s] WARNING:colcon.colcon_ros.prefix_path.ament:The path '/home/sch/ros2_ws/install/moveit' in the environment variable AMENT_PREFIX_PATH doesn't exist
[0.113s] WARNING:colcon.colcon_ros.prefix_path.ament:The path '/home/sch/ros2_ws/install/moveit_planners' in the environment variable AMENT_PREFIX_PATH doesn't exist
[0.113s] WARNING:colcon.colcon_ros.prefix_path.ament:The path '/home/sch/ros2_ws/install/pilz_industrial_motion_planner' in the environment variable AMENT_PREFIX_PATH doesn't exist
[0.113s] WARNING:colcon.colcon_ros.prefix_path.ament:The path '/home/sch/ros2_ws/install/panda_moveit2_sim' in the environment variable AMENT_PREFIX_PATH doesn't exist
[0.113s] WARNING:colcon.colcon_ros.prefix_path.ament:The path '/home/sch/ros2_ws/install/moveit_ros_control_interface' in the environment variable AMENT_PREFIX_PATH doesn't exist
[0.113s] WARNING:colcon.colcon_ros.prefix_path.ament:The path '/home/sch/ros2_ws/install/moveit_plugins' in the environment variable AMENT_PREFIX_PATH doesn't exist
[0.113s] WARNING:colcon.colcon_ros.prefix_path.ament:The path '/home/sch/ros2_ws/install/moveit_simple_controller_manager' in the environment variable AMENT_PREFIX_PATH doesn't exist
[0.113s] WARNING:colcon.colcon_ros.prefix_path.ament:The path '/home/sch/ros2_ws/install/moveit_setup_assistant' in the environment variable AMENT_PREFIX_PATH doesn't exist
[0.113s] WARNING:colcon.colcon_ros.prefix_path.ament:The path '/home/sch/ros2_ws/install/moveit_setup_srdf_plugins' in the environment variable AMENT_PREFIX_PATH doesn't exist
[0.113s] WARNING:colcon.colcon_ros.prefix_path.ament:The path '/home/sch/ros2_ws/install/moveit_setup_core_plugins' in the environment variable AMENT_PREFIX_PATH doesn't exist
[0.113s] WARNING:colcon.colcon_ros.prefix_path.ament:The path '/home/sch/ros2_ws/install/moveit_setup_controllers' in the environment variable AMENT_PREFIX_PATH doesn't exist
[0.113s] WARNING:colcon.colcon_ros.prefix_path.ament:The path '/home/sch/ros2_ws/install/moveit_setup_app_plugins' in the environment variable AMENT_PREFIX_PATH doesn't exist
[0.113s] WARNING:colcon.colcon_ros.prefix_path.ament:The path '/home/sch/ros2_ws/install/moveit_setup_framework' in the environment variable AMENT_PREFIX_PATH doesn't exist
[0.113s] WARNING:colcon.colcon_ros.prefix_path.ament:The path '/home/sch/ros2_ws/install/moveit_servo' in the environment variable AMENT_PREFIX_PATH doesn't exist
[0.113s] WARNING:colcon.colcon_ros.prefix_path.ament:The path '/home/sch/ros2_ws/install/moveit_ros_trajectory_cache' in the environment variable AMENT_PREFIX_PATH doesn't exist
[0.113s] WARNING:colcon.colcon_ros.prefix_path.ament:The path '/home/sch/ros2_ws/install/moveit_ros' in the environment variable AMENT_PREFIX_PATH doesn't exist
[0.113s] WARNING:colcon.colcon_ros.prefix_path.ament:The path '/home/sch/ros2_ws/install/moveit_ros_visualization' in the environment variable AMENT_PREFIX_PATH doesn't exist
[0.113s] WARNING:colcon.colcon_ros.prefix_path.ament:The path '/home/sch/ros2_ws/install/moveit_py' in the environment variable AMENT_PREFIX_PATH doesn't exist
[0.113s] WARNING:colcon.colcon_ros.prefix_path.ament:The path '/home/sch/ros2_ws/install/moveit_hybrid_planning' in the environment variable AMENT_PREFIX_PATH doesn't exist
[0.113s] WARNING:colcon.colcon_ros.prefix_path.ament:The path '/home/sch/ros2_ws/install/moveit_ros_planning_interface' in the environment variable AMENT_PREFIX_PATH doesn't exist
[0.113s] WARNING:colcon.colcon_ros.prefix_path.ament:The path '/home/sch/ros2_ws/install/moveit_ros_benchmarks' in the environment variable AMENT_PREFIX_PATH doesn't exist
[0.113s] WARNING:colcon.colcon_ros.prefix_path.ament:The path '/home/sch/ros2_ws/install/moveit_ros_warehouse' in the environment variable AMENT_PREFIX_PATH doesn't exist
[0.113s] WARNING:colcon.colcon_ros.prefix_path.ament:The path '/home/sch/ros2_ws/install/moveit_ros_robot_interaction' in the environment variable AMENT_PREFIX_PATH doesn't exist
[0.113s] WARNING:colcon.colcon_ros.prefix_path.ament:The path '/home/sch/ros2_ws/install/moveit_ros_perception' in the environment variable AMENT_PREFIX_PATH doesn't exist
[0.113s] WARNING:colcon.colcon_ros.prefix_path.ament:The path '/home/sch/ros2_ws/install/moveit_resources_prbt_pg70_support' in the environment variable AMENT_PREFIX_PATH doesn't exist
[0.113s] WARNING:colcon.colcon_ros.prefix_path.ament:The path '/home/sch/ros2_ws/install/moveit_resources_prbt_moveit_config' in the environment variable AMENT_PREFIX_PATH doesn't exist
[0.113s] WARNING:colcon.colcon_ros.prefix_path.ament:The path '/home/sch/ros2_ws/install/moveit_ros_move_group' in the environment variable AMENT_PREFIX_PATH doesn't exist
[0.113s] WARNING:colcon.colcon_ros.prefix_path.ament:The path '/home/sch/ros2_ws/install/moveit_planners_ompl' in the environment variable AMENT_PREFIX_PATH doesn't exist
[0.113s] WARNING:colcon.colcon_ros.prefix_path.ament:The path '/home/sch/ros2_ws/install/moveit_kinematics' in the environment variable AMENT_PREFIX_PATH doesn't exist
[0.113s] WARNING:colcon.colcon_ros.prefix_path.ament:The path '/home/sch/ros2_ws/install/moveit_ros_planning' in the environment variable AMENT_PREFIX_PATH doesn't exist
[0.113s] WARNING:colcon.colcon_ros.prefix_path.ament:The path '/home/sch/ros2_ws/install/moveit_ros_occupancy_map_monitor' in the environment variable AMENT_PREFIX_PATH doesn't exist
[0.113s] WARNING:colcon.colcon_ros.prefix_path.ament:The path '/home/sch/ros2_ws/install/moveit_resources_prbt_support' in the environment variable AMENT_PREFIX_PATH doesn't exist
[0.113s] WARNING:colcon.colcon_ros.prefix_path.ament:The path '/home/sch/ros2_ws/install/moveit_resources_prbt_ikfast_manipulator_plugin' in the environment variable AMENT_PREFIX_PATH doesn't exist
[0.113s] WARNING:colcon.colcon_ros.prefix_path.ament:The path '/home/sch/ros2_ws/install/moveit_resources' in the environment variable AMENT_PREFIX_PATH doesn't exist
[0.113s] WARNING:colcon.colcon_ros.prefix_path.ament:The path '/home/sch/ros2_ws/install/moveit_resources_pr2_description' in the environment variable AMENT_PREFIX_PATH doesn't exist
[0.113s] WARNING:colcon.colcon_ros.prefix_path.ament:The path '/home/sch/ros2_ws/install/moveit_resources_panda_moveit_config' in the environment variable AMENT_PREFIX_PATH doesn't exist
[0.113s] WARNING:colcon.colcon_ros.prefix_path.ament:The path '/home/sch/ros2_ws/install/dual_arm_panda_moveit_config' in the environment variable AMENT_PREFIX_PATH doesn't exist
[0.113s] WARNING:colcon.colcon_ros.prefix_path.ament:The path '/home/sch/ros2_ws/install/moveit_resources_panda_description' in the environment variable AMENT_PREFIX_PATH doesn't exist
[0.113s] WARNING:colcon.colcon_ros.prefix_path.ament:The path '/home/sch/ros2_ws/install/moveit_resources_fanuc_moveit_config' in the environment variable AMENT_PREFIX_PATH doesn't exist
[0.113s] WARNING:colcon.colcon_ros.prefix_path.ament:The path '/home/sch/ros2_ws/install/moveit_resources_fanuc_description' in the environment variable AMENT_PREFIX_PATH doesn't exist
[0.113s] WARNING:colcon.colcon_ros.prefix_path.ament:The path '/home/sch/ros2_ws/install/moveit_planners_stomp' in the environment variable AMENT_PREFIX_PATH doesn't exist
[0.113s] WARNING:colcon.colcon_ros.prefix_path.ament:The path '/home/sch/ros2_ws/install/moveit_planners_chomp' in the environment variable AMENT_PREFIX_PATH doesn't exist
[0.113s] WARNING:colcon.colcon_ros.prefix_path.ament:The path '/home/sch/ros2_ws/install/chomp_motion_planner' in the environment variable AMENT_PREFIX_PATH doesn't exist
[0.113s] WARNING:colcon.colcon_ros.prefix_path.ament:The path '/home/sch/ros2_ws/install/moveit_core' in the environment variable AMENT_PREFIX_PATH doesn't exist
[0.113s] WARNING:colcon.colcon_ros.prefix_path.ament:The path '/home/sch/ros2_ws/install/moveit_msgs' in the environment variable AMENT_PREFIX_PATH doesn't exist
[0.113s] WARNING:colcon.colcon_ros.prefix_path.ament:The path '/home/sch/ros2_ws/install/moveit_configs_utils' in the environment variable AMENT_PREFIX_PATH doesn't exist
[0.113s] WARNING:colcon.colcon_ros.prefix_path.ament:The path '/home/sch/ros2_ws/install/moveit_common' in the environment variable AMENT_PREFIX_PATH doesn't exist
[0.113s] WARNING:colcon.colcon_ros.prefix_path.catkin:The path '/home/sch/ros2_ws/install/pilz_industrial_motion_planner_testutils' in the environment variable CMAKE_PREFIX_PATH doesn't exist
[0.113s] WARNING:colcon.colcon_ros.prefix_path.catkin:The path '/home/sch/ros2_ws/install/moveit_runtime' in the environment variable CMAKE_PREFIX_PATH doesn't exist
[0.113s] WARNING:colcon.colcon_ros.prefix_path.catkin:The path '/home/sch/ros2_ws/install/moveit' in the environment variable CMAKE_PREFIX_PATH doesn't exist
[0.113s] WARNING:colcon.colcon_ros.prefix_path.catkin:The path '/home/sch/ros2_ws/install/moveit_planners' in the environment variable CMAKE_PREFIX_PATH doesn't exist
[0.113s] WARNING:colcon.colcon_ros.prefix_path.catkin:The path '/home/sch/ros2_ws/install/pilz_industrial_motion_planner' in the environment variable CMAKE_PREFIX_PATH doesn't exist
[0.113s] WARNING:colcon.colcon_ros.prefix_path.catkin:The path '/home/sch/ros2_ws/install/panda_moveit2_sim' in the environment variable CMAKE_PREFIX_PATH doesn't exist
[0.114s] WARNING:colcon.colcon_ros.prefix_path.catkin:The path '/home/sch/ros2_ws/install/moveit_ros_control_interface' in the environment variable CMAKE_PREFIX_PATH doesn't exist
[0.114s] WARNING:colcon.colcon_ros.prefix_path.catkin:The path '/home/sch/ros2_ws/install/moveit_plugins' in the environment variable CMAKE_PREFIX_PATH doesn't exist
[0.114s] WARNING:colcon.colcon_ros.prefix_path.catkin:The path '/home/sch/ros2_ws/install/moveit_simple_controller_manager' in the environment variable CMAKE_PREFIX_PATH doesn't exist
[0.114s] WARNING:colcon.colcon_ros.prefix_path.catkin:The path '/home/sch/ros2_ws/install/moveit_setup_assistant' in the environment variable CMAKE_PREFIX_PATH doesn't exist
[0.114s] WARNING:colcon.colcon_ros.prefix_path.catkin:The path '/home/sch/ros2_ws/install/moveit_setup_srdf_plugins' in the environment variable CMAKE_PREFIX_PATH doesn't exist
[0.114s] WARNING:colcon.colcon_ros.prefix_path.catkin:The path '/home/sch/ros2_ws/install/moveit_setup_core_plugins' in the environment variable CMAKE_PREFIX_PATH doesn't exist
[0.114s] WARNING:colcon.colcon_ros.prefix_path.catkin:The path '/home/sch/ros2_ws/install/moveit_setup_controllers' in the environment variable CMAKE_PREFIX_PATH doesn't exist
[0.114s] WARNING:colcon.colcon_ros.prefix_path.catkin:The path '/home/sch/ros2_ws/install/moveit_setup_app_plugins' in the environment variable CMAKE_PREFIX_PATH doesn't exist
[0.114s] WARNING:colcon.colcon_ros.prefix_path.catkin:The path '/home/sch/ros2_ws/install/moveit_setup_framework' in the environment variable CMAKE_PREFIX_PATH doesn't exist
[0.114s] WARNING:colcon.colcon_ros.prefix_path.catkin:The path '/home/sch/ros2_ws/install/moveit_servo' in the environment variable CMAKE_PREFIX_PATH doesn't exist
[0.114s] WARNING:colcon.colcon_ros.prefix_path.catkin:The path '/home/sch/ros2_ws/install/moveit_ros_trajectory_cache' in the environment variable CMAKE_PREFIX_PATH doesn't exist
[0.114s] WARNING:colcon.colcon_ros.prefix_path.catkin:The path '/home/sch/ros2_ws/install/moveit_ros' in the environment variable CMAKE_PREFIX_PATH doesn't exist
[0.114s] WARNING:colcon.colcon_ros.prefix_path.catkin:The path '/home/sch/ros2_ws/install/moveit_ros_visualization' in the environment variable CMAKE_PREFIX_PATH doesn't exist
[0.114s] WARNING:colcon.colcon_ros.prefix_path.catkin:The path '/home/sch/ros2_ws/install/moveit_py' in the environment variable CMAKE_PREFIX_PATH doesn't exist
[0.114s] WARNING:colcon.colcon_ros.prefix_path.catkin:The path '/home/sch/ros2_ws/install/moveit_hybrid_planning' in the environment variable CMAKE_PREFIX_PATH doesn't exist
[0.114s] WARNING:colcon.colcon_ros.prefix_path.catkin:The path '/home/sch/ros2_ws/install/moveit_ros_planning_interface' in the environment variable CMAKE_PREFIX_PATH doesn't exist
[0.114s] WARNING:colcon.colcon_ros.prefix_path.catkin:The path '/home/sch/ros2_ws/install/moveit_ros_benchmarks' in the environment variable CMAKE_PREFIX_PATH doesn't exist
[0.114s] WARNING:colcon.colcon_ros.prefix_path.catkin:The path '/home/sch/ros2_ws/install/moveit_ros_warehouse' in the environment variable CMAKE_PREFIX_PATH doesn't exist
[0.114s] WARNING:colcon.colcon_ros.prefix_path.catkin:The path '/home/sch/ros2_ws/install/moveit_ros_robot_interaction' in the environment variable CMAKE_PREFIX_PATH doesn't exist
[0.114s] WARNING:colcon.colcon_ros.prefix_path.catkin:The path '/home/sch/ros2_ws/install/moveit_ros_perception' in the environment variable CMAKE_PREFIX_PATH doesn't exist
[0.114s] WARNING:colcon.colcon_ros.prefix_path.catkin:The path '/home/sch/ros2_ws/install/moveit_resources_prbt_pg70_support' in the environment variable CMAKE_PREFIX_PATH doesn't exist
[0.114s] WARNING:colcon.colcon_ros.prefix_path.catkin:The path '/home/sch/ros2_ws/install/moveit_resources_prbt_moveit_config' in the environment variable CMAKE_PREFIX_PATH doesn't exist
[0.114s] WARNING:colcon.colcon_ros.prefix_path.catkin:The path '/home/sch/ros2_ws/install/moveit_ros_move_group' in the environment variable CMAKE_PREFIX_PATH doesn't exist
[0.114s] WARNING:colcon.colcon_ros.prefix_path.catkin:The path '/home/sch/ros2_ws/install/moveit_planners_ompl' in the environment variable CMAKE_PREFIX_PATH doesn't exist
[0.114s] WARNING:colcon.colcon_ros.prefix_path.catkin:The path '/home/sch/ros2_ws/install/moveit_kinematics' in the environment variable CMAKE_PREFIX_PATH doesn't exist
[0.114s] WARNING:colcon.colcon_ros.prefix_path.catkin:The path '/home/sch/ros2_ws/install/moveit_ros_planning' in the environment variable CMAKE_PREFIX_PATH doesn't exist
[0.114s] WARNING:colcon.colcon_ros.prefix_path.catkin:The path '/home/sch/ros2_ws/install/moveit_ros_occupancy_map_monitor' in the environment variable CMAKE_PREFIX_PATH doesn't exist
[0.114s] WARNING:colcon.colcon_ros.prefix_path.catkin:The path '/home/sch/ros2_ws/install/moveit_resources_prbt_support' in the environment variable CMAKE_PREFIX_PATH doesn't exist
[0.114s] WARNING:colcon.colcon_ros.prefix_path.catkin:The path '/home/sch/ros2_ws/install/moveit_resources_prbt_ikfast_manipulator_plugin' in the environment variable CMAKE_PREFIX_PATH doesn't exist
[0.114s] WARNING:colcon.colcon_ros.prefix_path.catkin:The path '/home/sch/ros2_ws/install/moveit_resources' in the environment variable CMAKE_PREFIX_PATH doesn't exist
[0.114s] WARNING:colcon.colcon_ros.prefix_path.catkin:The path '/home/sch/ros2_ws/install/moveit_resources_pr2_description' in the environment variable CMAKE_PREFIX_PATH doesn't exist
[0.114s] WARNING:colcon.colcon_ros.prefix_path.catkin:The path '/home/sch/ros2_ws/install/moveit_resources_panda_moveit_config' in the environment variable CMAKE_PREFIX_PATH doesn't exist
[0.114s] WARNING:colcon.colcon_ros.prefix_path.catkin:The path '/home/sch/ros2_ws/install/dual_arm_panda_moveit_config' in the environment variable CMAKE_PREFIX_PATH doesn't exist
[0.114s] WARNING:colcon.colcon_ros.prefix_path.catkin:The path '/home/sch/ros2_ws/install/moveit_resources_panda_description' in the environment variable CMAKE_PREFIX_PATH doesn't exist
[0.114s] WARNING:colcon.colcon_ros.prefix_path.catkin:The path '/home/sch/ros2_ws/install/moveit_resources_fanuc_moveit_config' in the environment variable CMAKE_PREFIX_PATH doesn't exist
[0.114s] WARNING:colcon.colcon_ros.prefix_path.catkin:The path '/home/sch/ros2_ws/install/moveit_resources_fanuc_description' in the environment variable CMAKE_PREFIX_PATH doesn't exist
[0.114s] WARNING:colcon.colcon_ros.prefix_path.catkin:The path '/home/sch/ros2_ws/install/moveit_planners_stomp' in the environment variable CMAKE_PREFIX_PATH doesn't exist
[0.114s] WARNING:colcon.colcon_ros.prefix_path.catkin:The path '/home/sch/ros2_ws/install/moveit_planners_chomp' in the environment variable CMAKE_PREFIX_PATH doesn't exist
[0.114s] WARNING:colcon.colcon_ros.prefix_path.catkin:The path '/home/sch/ros2_ws/install/chomp_motion_planner' in the environment variable CMAKE_PREFIX_PATH doesn't exist
[0.114s] WARNING:colcon.colcon_ros.prefix_path.catkin:The path '/home/sch/ros2_ws/install/moveit_core' in the environment variable CMAKE_PREFIX_PATH doesn't exist
[0.114s] WARNING:colcon.colcon_ros.prefix_path.catkin:The path '/home/sch/ros2_ws/install/moveit_msgs' in the environment variable CMAKE_PREFIX_PATH doesn't exist
[0.114s] WARNING:colcon.colcon_ros.prefix_path.catkin:The path '/home/sch/ros2_ws/install/moveit_common' in the environment variable CMAKE_PREFIX_PATH doesn't exist
[0.114s] DEBUG:colcon.colcon_installed_package_information.package_discovery:Found 7 installed packages in /home/sch/git/panda_arm/install
[0.115s] DEBUG:colcon.colcon_installed_package_information.package_discovery:Found 443 installed packages in /opt/ros/jazzy
[0.116s] Level 1:colcon.colcon_core.package_discovery:discover_packages(prefix_path) using defaults
[0.143s] INFO:colcon.colcon_core.executor:Executing jobs using 'parallel' executor
[0.144s] DEBUG:colcon.colcon_parallel_executor.executor.parallel:run_until_complete
[0.144s] DEBUG:colcon.colcon_parallel_executor.executor.parallel:closing loop
[0.144s] DEBUG:colcon.colcon_parallel_executor.executor.parallel:loop closed
[0.144s] DEBUG:colcon.colcon_parallel_executor.executor.parallel:run_until_complete finished with '0'
[0.144s] DEBUG:colcon.colcon_core.event_reactor:joining thread
[0.147s] INFO:colcon.colcon_core.plugin_system:Skipping extension 'colcon_notification.desktop_notification.terminal_notifier': Not used on non-Darwin systems
[0.147s] INFO:colcon.colcon_core.plugin_system:Skipping extension 'colcon_notification.desktop_notification.win32': Not used on non-Windows systems
[0.147s] INFO:colcon.colcon_notification.desktop_notification:Sending desktop notification using 'notify2'
[0.155s] DEBUG:colcon.colcon_core.event_reactor:joined thread
[0.156s] INFO:colcon.colcon_core.plugin_system:Skipping extension 'colcon_core.shell.bat': Not used on non-Windows systems
[0.156s] INFO:colcon.colcon_core.shell:Creating prefix script '/home/sch/git/panda_arm/install/local_setup.ps1'
[0.156s] INFO:colcon.colcon_core.shell:Creating prefix util module '/home/sch/git/panda_arm/install/_local_setup_util_ps1.py'
[0.157s] INFO:colcon.colcon_core.shell:Creating prefix chain script '/home/sch/git/panda_arm/install/setup.ps1'
[0.157s] INFO:colcon.colcon_core.shell:Creating prefix script '/home/sch/git/panda_arm/install/local_setup.sh'
[0.158s] INFO:colcon.colcon_core.shell:Creating prefix util module '/home/sch/git/panda_arm/install/_local_setup_util_sh.py'
[0.158s] INFO:colcon.colcon_core.shell:Creating prefix chain script '/home/sch/git/panda_arm/install/setup.sh'
[0.159s] INFO:colcon.colcon_core.shell:Creating prefix script '/home/sch/git/panda_arm/install/local_setup.bash'
[0.165s] INFO:colcon.colcon_core.shell:Creating prefix chain script '/home/sch/git/panda_arm/install/setup.bash'
[0.166s] INFO:colcon.colcon_core.shell:Creating prefix script '/home/sch/git/panda_arm/install/local_setup.zsh'
[0.169s] INFO:colcon.colcon_core.shell:Creating prefix chain script '/home/sch/git/panda_arm/install/setup.zsh'
