[0.007s] Invoking command in '/home/sch/git/panda_arm/build/panda_moveit2_sim': CMAKE_PREFIX_PATH=${CMAKE_PREFIX_PATH}:/home/sch/ros2_ws/install/moveit_configs_utils:/opt/ros/jazzy DEBUGINFOD_URLS=https://debuginfod.ubuntu.com /usr/bin/cmake /home/sch/git/panda_arm/panda_moveit2_sim -DCMAKE_INSTALL_PREFIX=/home/sch/git/panda_arm/install/panda_moveit2_sim
[0.045s] -- The C compiler identification is GNU 13.3.0
[0.086s] -- The CXX compiler identification is GNU 13.3.0
[0.099s] -- Detecting C compiler ABI info
[0.233s] -- Detecting C compiler ABI info - done
[0.240s] -- Check for working C compiler: /usr/bin/cc - skipped
[0.240s] -- Detecting C compile features
[0.240s] -- Detecting C compile features - done
[0.256s] -- Detecting CXX compiler ABI info
[0.383s] -- Detecting CXX compiler ABI info - done
[0.390s] -- Check for working CXX compiler: /usr/bin/c++ - skipped
[0.391s] -- Detecting CXX compile features
[0.391s] -- Detecting CXX compile features - done
[0.395s] -- Found ament_cmake: 2.5.4 (/opt/ros/jazzy/share/ament_cmake/cmake)
[0.512s] -- Found Python3: /usr/bin/python3 (found version "3.12.3") found components: Interpreter 
[0.589s] -- Found ament_lint_auto: 0.17.2 (/opt/ros/jazzy/share/ament_lint_auto/cmake)
[0.656s] -- Added test 'lint_cmake' to check CMake code style
[0.657s] -- Added test 'xmllint' to check XML markup files
[0.658s] -- Configuring done (0.6s)
[0.659s] -- Generating done (0.0s)
[0.660s] -- Build files have been written to: /home/sch/git/panda_arm/build/panda_moveit2_sim
[0.664s] Invoked command in '/home/sch/git/panda_arm/build/panda_moveit2_sim' returned '0': CMAKE_PREFIX_PATH=${CMAKE_PREFIX_PATH}:/home/sch/ros2_ws/install/moveit_configs_utils:/opt/ros/jazzy DEBUGINFOD_URLS=https://debuginfod.ubuntu.com /usr/bin/cmake /home/sch/git/panda_arm/panda_moveit2_sim -DCMAKE_INSTALL_PREFIX=/home/sch/git/panda_arm/install/panda_moveit2_sim
[0.665s] Invoking command in '/home/sch/git/panda_arm/build/panda_moveit2_sim': CMAKE_PREFIX_PATH=${CMAKE_PREFIX_PATH}:/home/sch/ros2_ws/install/moveit_configs_utils:/opt/ros/jazzy DEBUGINFOD_URLS=https://debuginfod.ubuntu.com /usr/bin/cmake --build /home/sch/git/panda_arm/build/panda_moveit2_sim -- -j16 -l16
[0.710s] Invoked command in '/home/sch/git/panda_arm/build/panda_moveit2_sim' returned '0': CMAKE_PREFIX_PATH=${CMAKE_PREFIX_PATH}:/home/sch/ros2_ws/install/moveit_configs_utils:/opt/ros/jazzy DEBUGINFOD_URLS=https://debuginfod.ubuntu.com /usr/bin/cmake --build /home/sch/git/panda_arm/build/panda_moveit2_sim -- -j16 -l16
[0.723s] Invoking command in '/home/sch/git/panda_arm/build/panda_moveit2_sim': CMAKE_PREFIX_PATH=${CMAKE_PREFIX_PATH}:/home/sch/ros2_ws/install/moveit_configs_utils:/opt/ros/jazzy DEBUGINFOD_URLS=https://debuginfod.ubuntu.com /usr/bin/cmake --install /home/sch/git/panda_arm/build/panda_moveit2_sim
[0.732s] -- Install configuration: ""
[0.732s] -- Installing: /home/sch/git/panda_arm/install/panda_moveit2_sim/share/ament_index/resource_index/package_run_dependencies/panda_moveit2_sim
[0.732s] -- Installing: /home/sch/git/panda_arm/install/panda_moveit2_sim/share/ament_index/resource_index/parent_prefix_path/panda_moveit2_sim
[0.733s] -- Installing: /home/sch/git/panda_arm/install/panda_moveit2_sim/share/panda_moveit2_sim/environment/ament_prefix_path.sh
[0.733s] -- Installing: /home/sch/git/panda_arm/install/panda_moveit2_sim/share/panda_moveit2_sim/environment/ament_prefix_path.dsv
[0.733s] -- Installing: /home/sch/git/panda_arm/install/panda_moveit2_sim/share/panda_moveit2_sim/environment/path.sh
[0.733s] -- Installing: /home/sch/git/panda_arm/install/panda_moveit2_sim/share/panda_moveit2_sim/environment/path.dsv
[0.733s] -- Installing: /home/sch/git/panda_arm/install/panda_moveit2_sim/share/panda_moveit2_sim/local_setup.bash
[0.733s] -- Installing: /home/sch/git/panda_arm/install/panda_moveit2_sim/share/panda_moveit2_sim/local_setup.sh
[0.733s] -- Installing: /home/sch/git/panda_arm/install/panda_moveit2_sim/share/panda_moveit2_sim/local_setup.zsh
[0.733s] -- Installing: /home/sch/git/panda_arm/install/panda_moveit2_sim/share/panda_moveit2_sim/local_setup.dsv
[0.733s] -- Installing: /home/sch/git/panda_arm/install/panda_moveit2_sim/share/panda_moveit2_sim/package.dsv
[0.733s] -- Installing: /home/sch/git/panda_arm/install/panda_moveit2_sim/share/ament_index/resource_index/packages/panda_moveit2_sim
[0.733s] -- Installing: /home/sch/git/panda_arm/install/panda_moveit2_sim/share/panda_moveit2_sim/cmake/panda_moveit2_simConfig.cmake
[0.733s] -- Installing: /home/sch/git/panda_arm/install/panda_moveit2_sim/share/panda_moveit2_sim/cmake/panda_moveit2_simConfig-version.cmake
[0.734s] -- Installing: /home/sch/git/panda_arm/install/panda_moveit2_sim/share/panda_moveit2_sim/package.xml
[0.735s] Invoked command in '/home/sch/git/panda_arm/build/panda_moveit2_sim' returned '0': CMAKE_PREFIX_PATH=${CMAKE_PREFIX_PATH}:/home/sch/ros2_ws/install/moveit_configs_utils:/opt/ros/jazzy DEBUGINFOD_URLS=https://debuginfod.ubuntu.com /usr/bin/cmake --install /home/sch/git/panda_arm/build/panda_moveit2_sim
